<?xml version="1.0" encoding="UTF-8"?>
<!-- Generated by org.testng.reporters.JUnitXMLReporter -->
<testsuite hostname="SIPLDT1185" name="Test" tests="21" failures="17" timestamp="6 Feb 2017 09:26:58 GMT" time="1394.27" errors="0">
  <testcase name="login" time="39.997" classname="testcases.Register_NonLoyalUser">
    <failure type="java.lang.RuntimeException" message="FAILED">
      <![CDATA[java.lang.RuntimeException: FAILED
	at utils.Reporter.reportStep(Reporter.java:38)
	at wrappers.GenericWrappers.clickByXpath(GenericWrappers.java:327)
	at pages.AccountOverview.clickLogout(AccountOverview.java:16)
	at testcases.Register_NonLoyalUser.login(Register_NonLoyalUser.java:28)
... Removed 24 stack frames]]>
    </failure>
  </testcase> <!-- login -->
  <testcase name="login" time="46.556" classname="testcases.Register_LoyalUser">
    <failure type="java.lang.RuntimeException" message="FAILED">
      <![CDATA[java.lang.RuntimeException: FAILED
	at utils.Reporter.reportStep(Reporter.java:38)
	at wrappers.GenericWrappers.selectByName(GenericWrappers.java:416)
	at pages.Register.enterMonth(Register.java:64)
	at testcases.Register_LoyalUser.login(Register_LoyalUser.java:26)
... Removed 24 stack frames]]>
    </failure>
  </testcase> <!-- login -->
  <testcase name="login" time="52.681" classname="testcases.RegUserRegularOrderPayAtRestaurant">
    <failure type="java.lang.RuntimeException" message="FAILED">
      <![CDATA[java.lang.RuntimeException: FAILED
	at utils.Reporter.reportStep(Reporter.java:38)
	at wrappers.GenericWrappers.clickByXpath(GenericWrappers.java:327)
	at pages.MenuAndOrd.clickSize1(MenuAndOrd.java:73)
	at testcases.RegUserRegularOrderPayAtRestaurant.login(RegUserRegularOrderPayAtRestaurant.java:25)
... Removed 24 stack frames]]>
    </failure>
  </testcase> <!-- login -->
  <testcase name="login" time="20.182" classname="testcases.RegUserPartyOrderPayAtRestaurant">
    <failure type="java.lang.RuntimeException" message="FAILED">
      <![CDATA[java.lang.RuntimeException: FAILED
	at utils.Reporter.reportStep(Reporter.java:38)
	at wrappers.GenericWrappers.clickByXpath(GenericWrappers.java:327)
	at pages.MenuAndOrd.clickCheckOut(MenuAndOrd.java:145)
	at testcases.RegUserPartyOrderPayAtRestaurant.login(RegUserPartyOrderPayAtRestaurant.java:27)
... Removed 24 stack frames]]>
    </failure>
  </testcase> <!-- login -->
  <testcase name="login" time="48.608" classname="testcases.RegUserRegularAndPartyOrderPayAtRestaurant">
    <failure type="java.lang.RuntimeException" message="FAILED">
      <![CDATA[java.lang.RuntimeException: FAILED
	at utils.Reporter.reportStep(Reporter.java:38)
	at wrappers.GenericWrappers.clickByXpath(GenericWrappers.java:327)
	at pages.MenuAndOrd.clickSize1(MenuAndOrd.java:73)
	at testcases.RegUserRegularAndPartyOrderPayAtRestaurant.login(RegUserRegularAndPartyOrderPayAtRestaurant.java:23)
... Removed 24 stack frames]]>
    </failure>
  </testcase> <!-- login -->
  <testcase name="login" time="48.25" classname="testcases.RegUserRegularOrderPayOnline">
    <failure type="java.lang.RuntimeException" message="FAILED">
      <![CDATA[java.lang.RuntimeException: FAILED
	at utils.Reporter.reportStep(Reporter.java:38)
	at wrappers.GenericWrappers.clickByXpath(GenericWrappers.java:327)
	at pages.MenuAndOrd.clickSize1(MenuAndOrd.java:73)
	at testcases.RegUserRegularOrderPayOnline.login(RegUserRegularOrderPayOnline.java:25)
... Removed 24 stack frames]]>
    </failure>
  </testcase> <!-- login -->
  <testcase name="login" time="52.675" classname="testcases.RegUserPartyOrderPayOnline">
    <failure type="java.lang.RuntimeException" message="FAILED">
      <![CDATA[java.lang.RuntimeException: FAILED
	at utils.Reporter.reportStep(Reporter.java:38)
	at wrappers.GenericWrappers.enterByXpath(GenericWrappers.java:149)
	at pages.CheckOut.clickCalendar(CheckOut.java:15)
	at testcases.RegUserPartyOrderPayOnline.login(RegUserPartyOrderPayOnline.java:31)
... Removed 24 stack frames]]>
    </failure>
  </testcase> <!-- login -->
  <testcase name="login" time="68.422" classname="testcases.RegUserRegularAndPartyOrderPayOnline">
    <failure type="java.lang.RuntimeException" message="FAILED">
      <![CDATA[java.lang.RuntimeException: FAILED
	at utils.Reporter.reportStep(Reporter.java:38)
	at wrappers.GenericWrappers.clickByXpath(GenericWrappers.java:327)
	at pages.MenuAndOrd.clickSize1(MenuAndOrd.java:73)
	at testcases.RegUserRegularAndPartyOrderPayOnline.login(RegUserRegularAndPartyOrderPayOnline.java:24)
... Removed 24 stack frames]]>
    </failure>
  </testcase> <!-- login -->
  <testcase name="login" time="60.308" classname="testcases.GuestUserRegularOrderPayAtRestaurant">
    <failure type="java.lang.RuntimeException" message="FAILED">
      <![CDATA[java.lang.RuntimeException: FAILED
	at utils.Reporter.reportStep(Reporter.java:38)
	at wrappers.GenericWrappers.clickByXpath(GenericWrappers.java:327)
	at pages.MenuAndOrd.clickSize1(MenuAndOrd.java:73)
	at testcases.GuestUserRegularOrderPayAtRestaurant.login(GuestUserRegularOrderPayAtRestaurant.java:24)
... Removed 24 stack frames]]>
    </failure>
  </testcase> <!-- login -->
  <testcase name="login" time="14.849" classname="testcases.GuestUserPartyOrderPayAtRestaurant">
    <failure type="java.lang.RuntimeException" message="FAILED">
      <![CDATA[java.lang.RuntimeException: FAILED
	at utils.Reporter.reportStep(Reporter.java:38)
	at wrappers.GenericWrappers.clickByXpath(GenericWrappers.java:327)
	at pages.MenuAndOrd.clickCheckOut(MenuAndOrd.java:145)
	at testcases.GuestUserPartyOrderPayAtRestaurant.login(GuestUserPartyOrderPayAtRestaurant.java:27)
... Removed 24 stack frames]]>
    </failure>
  </testcase> <!-- login -->
  <testcase name="login" time="43.529" classname="testcases.GuestUserRegularPartyOrderPayAtRestaurant">
    <failure type="java.lang.RuntimeException" message="FAILED">
      <![CDATA[java.lang.RuntimeException: FAILED
	at utils.Reporter.reportStep(Reporter.java:38)
	at wrappers.GenericWrappers.clickByXpath(GenericWrappers.java:327)
	at pages.MenuAndOrd.clickSize1(MenuAndOrd.java:73)
	at testcases.GuestUserRegularPartyOrderPayAtRestaurant.login(GuestUserRegularPartyOrderPayAtRestaurant.java:24)
... Removed 24 stack frames]]>
    </failure>
  </testcase> <!-- login -->
  <testcase name="login" time="45.099" classname="testcases.GuestUserRegularOrderPayOnline">
    <failure type="java.lang.RuntimeException" message="FAILED">
      <![CDATA[java.lang.RuntimeException: FAILED
	at utils.Reporter.reportStep(Reporter.java:38)
	at wrappers.GenericWrappers.clickByXpath(GenericWrappers.java:327)
	at pages.MenuAndOrd.clickSize1(MenuAndOrd.java:73)
	at testcases.GuestUserRegularOrderPayOnline.login(GuestUserRegularOrderPayOnline.java:24)
... Removed 24 stack frames]]>
    </failure>
  </testcase> <!-- login -->
  <testcase name="login" time="14.694" classname="testcases.GuestUserPartyOrderPayOnline">
    <failure type="java.lang.RuntimeException" message="FAILED">
      <![CDATA[java.lang.RuntimeException: FAILED
	at utils.Reporter.reportStep(Reporter.java:38)
	at wrappers.GenericWrappers.clickByXpath(GenericWrappers.java:327)
	at pages.MenuAndOrd.clickCheckOut(MenuAndOrd.java:145)
	at testcases.GuestUserPartyOrderPayOnline.login(GuestUserPartyOrderPayOnline.java:27)
... Removed 24 stack frames]]>
    </failure>
  </testcase> <!-- login -->
  <testcase name="login" time="45.326" classname="testcases.GuestUserRegularPartyOrderPayOnline">
    <failure type="java.lang.RuntimeException" message="FAILED">
      <![CDATA[java.lang.RuntimeException: FAILED
	at utils.Reporter.reportStep(Reporter.java:38)
	at wrappers.GenericWrappers.clickByXpath(GenericWrappers.java:327)
	at pages.MenuAndOrd.clickSize1(MenuAndOrd.java:73)
	at testcases.GuestUserRegularPartyOrderPayOnline.login(GuestUserRegularPartyOrderPayOnline.java:24)
... Removed 24 stack frames]]>
    </failure>
  </testcase> <!-- login -->
  <testcase name="login" time="129.914" classname="testcases.ForgotPwd"/>
  <testcase name="login" time="1.147" classname="testcases.SocialMedia">
    <failure type="java.lang.RuntimeException" message="FAILED">
      <![CDATA[java.lang.RuntimeException: FAILED
	at utils.Reporter.reportStep(Reporter.java:38)
	at wrappers.GenericWrappers.clickByXpath(GenericWrappers.java:327)
	at pages.HomePage.clickFacebook(HomePage.java:89)
	at testcases.SocialMedia.login(SocialMedia.java:17)
... Removed 24 stack frames]]>
    </failure>
  </testcase> <!-- login -->
  <testcase name="login" time="1.133" classname="testcases.FooterLinks">
    <failure type="java.lang.RuntimeException" message="FAILED">
      <![CDATA[java.lang.RuntimeException: FAILED
	at utils.Reporter.reportStep(Reporter.java:38)
	at wrappers.GenericWrappers.clickByXpath(GenericWrappers.java:327)
	at pages.HomePage.clickContactus(HomePage.java:121)
	at testcases.FooterLinks.login(FooterLinks.java:17)
... Removed 24 stack frames]]>
    </failure>
  </testcase> <!-- login -->
  <testcase name="login" time="82.88" classname="testcases.ValidateAddFavorite">
    <failure type="java.lang.RuntimeException" message="FAILED">
      <![CDATA[java.lang.RuntimeException: FAILED
	at utils.Reporter.reportStep(Reporter.java:38)
	at wrappers.GenericWrappers.selectByName(GenericWrappers.java:416)
	at pages.CheckOut.selectTime(CheckOut.java:33)
	at testcases.ValidateAddFavorite.login(ValidateAddFavorite.java:24)
... Removed 24 stack frames]]>
    </failure>
  </testcase> <!-- login -->
  <testcase name="login" time="190.947" classname="testcases.RegUserAddGiftCard"/>
  <testcase name="login" time="93.024" classname="testcases.GuestUserAddGiftCard"/>
  <testcase name="login" time="39.884" classname="testcases.RegUserMyPeiWeiRewards"/>
</testsuite> <!-- Test -->
