<?xml version="1.0" encoding="UTF-8"?>
<!-- Generated by org.testng.reporters.JUnitXMLReporter -->
<testsuite hostname="SIPLDT1185" name="Test" tests="21" failures="1" timestamp="10 Feb 2017 06:03:39 GMT" time="46.571" errors="0">
  <testcase name="@BeforeMethod beforeMethod" time="0.0" classname="testcases.Register_LoyalUser">
    <failure type="java.lang.RuntimeException" message="FAILED">
      <![CDATA[java.lang.RuntimeException: FAILED
	at utils.Reporter.reportStep(Reporter.java:38)
	at wrappers.GenericWrappers.invokeApp(GenericWrappers.java:97)
	at wrappers.PeiweiWrappers.beforeMethod(PeiweiWrappers.java:38)
... Removed 26 stack frames]]>
    </failure>
  </testcase> <!-- @BeforeMethod beforeMethod -->
  <testcase name="@AfterMethod afterMethod" time="0.0" classname="testcases.Register_LoyalUser">
    <skipped/>
  </testcase> <!-- @AfterMethod afterMethod -->
  <testcase name="@BeforeClass beforeClass" time="0.0" classname="testcases.RegUserRegularOrderPayAtRestaurant">
    <skipped/>
  </testcase> <!-- @BeforeClass beforeClass -->
  <testcase name="@BeforeClass beforeClass" time="0.0" classname="testcases.RegUserPartyOrderPayAtRestaurant">
    <skipped/>
  </testcase> <!-- @BeforeClass beforeClass -->
  <testcase name="@BeforeClass beforeClass" time="0.0" classname="testcases.RegUserRegularAndPartyOrderPayAtRestaurant">
    <skipped/>
  </testcase> <!-- @BeforeClass beforeClass -->
  <testcase name="@BeforeClass beforeClass" time="0.0" classname="testcases.RegUserRegularOrderPayOnline">
    <skipped/>
  </testcase> <!-- @BeforeClass beforeClass -->
  <testcase name="@BeforeClass beforeClass" time="0.0" classname="testcases.RegUserPartyOrderPayOnline">
    <skipped/>
  </testcase> <!-- @BeforeClass beforeClass -->
  <testcase name="@BeforeClass beforeClass" time="0.0" classname="testcases.RegUserRegularAndPartyOrderPayOnline">
    <skipped/>
  </testcase> <!-- @BeforeClass beforeClass -->
  <testcase name="@BeforeClass beforeClass" time="0.0" classname="testcases.GuestUserRegularOrderPayAtRestaurant">
    <skipped/>
  </testcase> <!-- @BeforeClass beforeClass -->
  <testcase name="@BeforeClass beforeClass" time="0.0" classname="testcases.GuestUserPartyOrderPayAtRestaurant">
    <skipped/>
  </testcase> <!-- @BeforeClass beforeClass -->
  <testcase name="@BeforeClass beforeClass" time="0.0" classname="testcases.GuestUserRegularPartyOrderPayAtRestaurant">
    <skipped/>
  </testcase> <!-- @BeforeClass beforeClass -->
  <testcase name="@BeforeClass beforeClass" time="0.0" classname="testcases.GuestUserRegularOrderPayOnline">
    <skipped/>
  </testcase> <!-- @BeforeClass beforeClass -->
  <testcase name="@BeforeClass beforeClass" time="0.0" classname="testcases.GuestUserPartyOrderPayOnline">
    <skipped/>
  </testcase> <!-- @BeforeClass beforeClass -->
  <testcase name="@BeforeClass beforeClass" time="0.0" classname="testcases.GuestUserRegularPartyOrderPayOnline">
    <skipped/>
  </testcase> <!-- @BeforeClass beforeClass -->
  <testcase name="@BeforeClass beforeClass" time="0.0" classname="testcases.ForgotPwd">
    <skipped/>
  </testcase> <!-- @BeforeClass beforeClass -->
  <testcase name="@BeforeClass beforeClass" time="0.0" classname="testcases.SocialMedia">
    <skipped/>
  </testcase> <!-- @BeforeClass beforeClass -->
  <testcase name="@BeforeMethod beforeMethod" time="0.0" classname="testcases.SocialMedia">
    <skipped/>
  </testcase> <!-- @BeforeMethod beforeMethod -->
  <testcase name="@AfterMethod afterMethod" time="0.0" classname="testcases.SocialMedia">
    <skipped/>
  </testcase> <!-- @AfterMethod afterMethod -->
  <testcase name="@BeforeClass beforeClass" time="0.0" classname="testcases.FooterLinks">
    <skipped/>
  </testcase> <!-- @BeforeClass beforeClass -->
  <testcase name="@BeforeMethod beforeMethod" time="0.0" classname="testcases.FooterLinks">
    <skipped/>
  </testcase> <!-- @BeforeMethod beforeMethod -->
  <testcase name="@AfterMethod afterMethod" time="0.0" classname="testcases.FooterLinks">
    <skipped/>
  </testcase> <!-- @AfterMethod afterMethod -->
  <testcase name="@BeforeClass beforeClass" time="0.0" classname="testcases.ValidateAddFavorite">
    <skipped/>
  </testcase> <!-- @BeforeClass beforeClass -->
  <testcase name="@BeforeClass beforeClass" time="0.0" classname="testcases.RegUserAddGiftCard">
    <skipped/>
  </testcase> <!-- @BeforeClass beforeClass -->
  <testcase name="@BeforeClass beforeClass" time="0.0" classname="testcases.GuestUserAddGiftCard">
    <skipped/>
  </testcase> <!-- @BeforeClass beforeClass -->
  <testcase name="@BeforeClass beforeClass" time="0.0" classname="testcases.RegUserMyPeiWeiRewards">
    <skipped/>
  </testcase> <!-- @BeforeClass beforeClass -->
  <testcase name="@AfterTest afterTest" time="0.0" classname="testcases.RegUserPartyOrderPayOnline">
    <skipped/>
  </testcase> <!-- @AfterTest afterTest -->
  <testcase name="login" time="29.744" classname="testcases.Register_NonLoyalUser">
    <failure type="java.lang.RuntimeException" message="FAILED">
      <![CDATA[java.lang.RuntimeException: FAILED
	at utils.Reporter.reportStep(Reporter.java:38)
	at wrappers.GenericWrappers.clickByXpath(GenericWrappers.java:333)
	at pages.AccountOverview.clickLogout(AccountOverview.java:16)
	at testcases.Register_NonLoyalUser.login(Register_NonLoyalUser.java:28)
... Removed 24 stack frames]]>
    </failure>
  </testcase> <!-- login -->
  <testcase name="login" time="0.001" classname="testcases.Register_LoyalUser">
    <skipped/>
  </testcase> <!-- login -->
  <testcase name="login" time="0.0" classname="testcases.RegUserRegularOrderPayAtRestaurant">
    <skipped/>
  </testcase> <!-- login -->
  <testcase name="login" time="0.0" classname="testcases.RegUserPartyOrderPayAtRestaurant">
    <skipped/>
  </testcase> <!-- login -->
  <testcase name="login" time="0.0" classname="testcases.RegUserRegularAndPartyOrderPayAtRestaurant">
    <skipped/>
  </testcase> <!-- login -->
  <testcase name="login" time="0.0" classname="testcases.RegUserRegularOrderPayOnline">
    <skipped/>
  </testcase> <!-- login -->
  <testcase name="login" time="0.0" classname="testcases.RegUserPartyOrderPayOnline">
    <skipped/>
  </testcase> <!-- login -->
  <testcase name="login" time="0.0" classname="testcases.RegUserRegularAndPartyOrderPayOnline">
    <skipped/>
  </testcase> <!-- login -->
  <testcase name="login" time="0.0" classname="testcases.GuestUserRegularOrderPayAtRestaurant">
    <skipped/>
  </testcase> <!-- login -->
  <testcase name="login" time="0.0" classname="testcases.GuestUserPartyOrderPayAtRestaurant">
    <skipped/>
  </testcase> <!-- login -->
  <testcase name="login" time="0.0" classname="testcases.GuestUserRegularPartyOrderPayAtRestaurant">
    <skipped/>
  </testcase> <!-- login -->
  <testcase name="login" time="0.0" classname="testcases.GuestUserRegularOrderPayOnline">
    <skipped/>
  </testcase> <!-- login -->
  <testcase name="login" time="0.0" classname="testcases.GuestUserPartyOrderPayOnline">
    <skipped/>
  </testcase> <!-- login -->
  <testcase name="login" time="0.0" classname="testcases.GuestUserRegularPartyOrderPayOnline">
    <skipped/>
  </testcase> <!-- login -->
  <testcase name="login" time="0.0" classname="testcases.ForgotPwd">
    <skipped/>
  </testcase> <!-- login -->
  <testcase name="login" time="0.0" classname="testcases.SocialMedia">
    <skipped/>
  </testcase> <!-- login -->
  <testcase name="login" time="0.001" classname="testcases.FooterLinks">
    <skipped/>
  </testcase> <!-- login -->
  <testcase name="login" time="0.0" classname="testcases.ValidateAddFavorite">
    <skipped/>
  </testcase> <!-- login -->
  <testcase name="login" time="0.0" classname="testcases.RegUserAddGiftCard">
    <skipped/>
  </testcase> <!-- login -->
  <testcase name="login" time="0.0" classname="testcases.GuestUserAddGiftCard">
    <skipped/>
  </testcase> <!-- login -->
  <testcase name="login" time="0.0" classname="testcases.RegUserMyPeiWeiRewards">
    <skipped/>
  </testcase> <!-- login -->
</testsuite> <!-- Test -->
