<?xml version="1.0" encoding="UTF-8"?>
<testng-results skipped="0" failed="0" total="1" passed="1">
  <reporter-output>
  </reporter-output>
  <suite name="Default suite" duration-ms="220215" started-at="2017-02-09T09:55:10Z" finished-at="2017-02-09T09:58:50Z">
    <groups>
    </groups>
    <test name="Default test" duration-ms="220215" started-at="2017-02-09T09:55:10Z" finished-at="2017-02-09T09:58:50Z">
      <class name="testcases.GuestUserRegularPartyOrderPayOnline">
        <test-method status="PASS" signature="beforeSuite()[pri:0, instance:testcases.GuestUserRegularPartyOrderPayOnline@464bee09]" name="beforeSuite" is-config="true" duration-ms="925" started-at="2017-02-09T15:25:09Z" finished-at="2017-02-09T15:25:10Z">
          <reporter-output>
          </reporter-output>
        </test-method> <!-- beforeSuite -->
        <test-method status="PASS" signature="beforeTest()[pri:0, instance:testcases.GuestUserRegularPartyOrderPayOnline@464bee09]" name="beforeTest" is-config="true" duration-ms="1" started-at="2017-02-09T15:25:10Z" finished-at="2017-02-09T15:25:10Z">
          <reporter-output>
          </reporter-output>
        </test-method> <!-- beforeTest -->
        <test-method status="PASS" signature="beforeClass()[pri:0, instance:testcases.GuestUserRegularPartyOrderPayOnline@464bee09]" name="beforeClass" is-config="true" duration-ms="0" started-at="2017-02-09T15:25:10Z" finished-at="2017-02-09T15:25:10Z">
          <reporter-output>
          </reporter-output>
        </test-method> <!-- beforeClass -->
        <test-method status="PASS" signature="beforeMethod()[pri:0, instance:testcases.GuestUserRegularPartyOrderPayOnline@464bee09]" name="beforeMethod" is-config="true" duration-ms="9015" started-at="2017-02-09T15:25:11Z" finished-at="2017-02-09T15:25:20Z">
          <reporter-output>
          </reporter-output>
        </test-method> <!-- beforeMethod -->
        <test-method status="PASS" signature="login(java.lang.String, java.lang.String, java.lang.String, java.lang.String, java.lang.String, java.lang.String, java.lang.String, java.lang.String, java.lang.String, java.lang.String, java.lang.String, java.lang.String, java.lang.String, java.lang.String, java.lang.String, java.lang.String, java.lang.String, java.lang.String, java.lang.String)[pri:0, instance:testcases.GuestUserRegularPartyOrderPayOnline@464bee09]" name="login" duration-ms="209571" started-at="2017-02-09T15:25:20Z" data-provider="fetchData" finished-at="2017-02-09T15:28:49Z">
          <params>
            <param index="0">
              <value>
                <![CDATA[Scottsdale, AZ, United States]]>
              </value>
            </param>
            <param index="1">
              <value>
                <![CDATA[1]]>
              </value>
            </param>
            <param index="2">
              <value>
                <![CDATA[1]]>
              </value>
            </param>
            <param index="3">
              <value>
                <![CDATA[2]]>
              </value>
            </param>
            <param index="4">
              <value>
                <![CDATA[03/03/2017]]>
              </value>
            </param>
            <param index="5">
              <value>
                <![CDATA[12:00 PM]]>
              </value>
            </param>
            <param index="6">
              <value>
                <![CDATA[murugu]]>
              </value>
            </param>
            <param index="7">
              <value>
                <![CDATA[susan]]>
              </value>
            </param>
            <param index="8">
              <value>
                <![CDATA[sudharsan.kg@saggezza.com]]>
              </value>
            </param>
            <param index="9">
              <value>
                <![CDATA[1234567890]]>
              </value>
            </param>
            <param index="10">
              <value>
                <![CDATA[45632]]>
              </value>
            </param>
            <param index="11">
              <value>
                <![CDATA[Sudharsan]]>
              </value>
            </param>
            <param index="12">
              <value>
                <![CDATA[5555555555554444]]>
              </value>
            </param>
            <param index="13">
              <value>
                <![CDATA[1219]]>
              </value>
            </param>
            <param index="14">
              <value>
                <![CDATA[123]]>
              </value>
            </param>
            <param index="15">
              <value>
                <![CDATA[March 3]]>
              </value>
            </param>
            <param index="16">
              <value>
                <![CDATA[sudharsan.kg@saggezza.com]]>
              </value>
            </param>
            <param index="17">
              <value>
                <![CDATA[sudharsan@27]]>
              </value>
            </param>
            <param index="18">
              <value>
                <![CDATA[Order Confirmation]]>
              </value>
            </param>
          </params>
          <reporter-output>
          </reporter-output>
        </test-method> <!-- login -->
        <test-method status="PASS" signature="afterMethod()[pri:0, instance:testcases.GuestUserRegularPartyOrderPayOnline@464bee09]" name="afterMethod" is-config="true" duration-ms="1022" started-at="2017-02-09T15:28:49Z" finished-at="2017-02-09T15:28:50Z">
          <reporter-output>
          </reporter-output>
        </test-method> <!-- afterMethod -->
        <test-method status="PASS" signature="afterTest()[pri:0, instance:testcases.GuestUserRegularPartyOrderPayOnline@464bee09]" name="afterTest" is-config="true" duration-ms="0" started-at="2017-02-09T15:28:50Z" finished-at="2017-02-09T15:28:50Z">
          <reporter-output>
          </reporter-output>
        </test-method> <!-- afterTest -->
        <test-method status="PASS" signature="afterSuite()[pri:0, instance:testcases.GuestUserRegularPartyOrderPayOnline@464bee09]" name="afterSuite" is-config="true" duration-ms="529" started-at="2017-02-09T15:28:50Z" finished-at="2017-02-09T15:28:51Z">
          <reporter-output>
          </reporter-output>
        </test-method> <!-- afterSuite -->
      </class> <!-- testcases.GuestUserRegularPartyOrderPayOnline -->
    </test> <!-- Default test -->
  </suite> <!-- Default suite -->
</testng-results>
