<?xml version="1.0" encoding="UTF-8"?>
<testng-results skipped="0" failed="1" total="1" passed="0">
  <reporter-output>
  </reporter-output>
  <suite name="Default suite" duration-ms="133810" started-at="2017-02-15T06:17:24Z" finished-at="2017-02-15T06:19:38Z">
    <groups>
    </groups>
    <test name="Default test" duration-ms="133810" started-at="2017-02-15T06:17:24Z" finished-at="2017-02-15T06:19:38Z">
      <class name="testcases.RegisterNonLoyalUser">
        <test-method status="PASS" signature="beforeSuite()[pri:0, instance:testcases.RegisterNonLoyalUser@13deb50e]" name="beforeSuite" is-config="true" duration-ms="771" started-at="2017-02-15T11:47:23Z" finished-at="2017-02-15T11:47:24Z">
          <reporter-output>
          </reporter-output>
        </test-method> <!-- beforeSuite -->
        <test-method status="PASS" signature="beforeTest()[pri:0, instance:testcases.RegisterNonLoyalUser@13deb50e]" name="beforeTest" is-config="true" duration-ms="2" started-at="2017-02-15T11:47:24Z" finished-at="2017-02-15T11:47:24Z">
          <reporter-output>
          </reporter-output>
        </test-method> <!-- beforeTest -->
        <test-method status="PASS" signature="beforeClass()[pri:0, instance:testcases.RegisterNonLoyalUser@13deb50e]" name="beforeClass" is-config="true" duration-ms="0" started-at="2017-02-15T11:47:24Z" finished-at="2017-02-15T11:47:24Z">
          <reporter-output>
          </reporter-output>
        </test-method> <!-- beforeClass -->
        <test-method status="PASS" signature="beforeMethod()[pri:0, instance:testcases.RegisterNonLoyalUser@13deb50e]" name="beforeMethod" is-config="true" duration-ms="97496" started-at="2017-02-15T11:47:24Z" finished-at="2017-02-15T11:49:02Z">
          <reporter-output>
          </reporter-output>
        </test-method> <!-- beforeMethod -->
        <test-method status="FAIL" signature="login(java.lang.String, java.lang.String, java.lang.String, java.lang.String, java.lang.String, java.lang.String, java.lang.String, java.lang.String, java.lang.String)[pri:0, instance:testcases.RegisterNonLoyalUser@13deb50e]" name="login" duration-ms="35600" started-at="2017-02-15T11:49:02Z" data-provider="fetchData" finished-at="2017-02-15T11:49:38Z">
          <params>
            <param index="0">
              <value>
                <![CDATA[sudharsan.kg+400@saggezza.com]]>
              </value>
            </param>
            <param index="1">
              <value>
                <![CDATA[sagezza123]]>
              </value>
            </param>
            <param index="2">
              <value>
                <![CDATA[Susan]]>
              </value>
            </param>
            <param index="3">
              <value>
                <![CDATA[Sus]]>
              </value>
            </param>
            <param index="4">
              <value>
                <![CDATA[5427392892]]>
              </value>
            </param>
            <param index="5">
              <value>
                <![CDATA[76543]]>
              </value>
            </param>
            <param index="6">
              <value>
                <![CDATA[sudharsan.kg@saggezza.com]]>
              </value>
            </param>
            <param index="7">
              <value>
                <![CDATA[sudharsan@27]]>
              </value>
            </param>
            <param index="8">
              <value>
                <![CDATA[Welcome]]>
              </value>
            </param>
          </params>
          <exception class="java.lang.RuntimeException">
            <message>
              <![CDATA[FAILED]]>
            </message>
            <full-stacktrace>
              <![CDATA[java.lang.RuntimeException: FAILED
	at utils.Reporter.reportStep(Reporter.java:38)
	at wrappers.GenericWrappers.clickByLink(GenericWrappers.java:306)
	at pages.AccountOverview.clickLogout(AccountOverview.java:16)
	at testcases.RegisterNonLoyalUser.login(RegisterNonLoyalUser.java:31)
	at sun.reflect.NativeMethodAccessorImpl.invoke0(Native Method)
	at sun.reflect.NativeMethodAccessorImpl.invoke(Unknown Source)
	at sun.reflect.DelegatingMethodAccessorImpl.invoke(Unknown Source)
	at java.lang.reflect.Method.invoke(Unknown Source)
	at org.testng.internal.MethodInvocationHelper.invokeMethod(MethodInvocationHelper.java:85)
	at org.testng.internal.Invoker.invokeMethod(Invoker.java:659)
	at org.testng.internal.Invoker.invokeTestMethod(Invoker.java:845)
	at org.testng.internal.Invoker.invokeTestMethods(Invoker.java:1153)
	at org.testng.internal.TestMethodWorker.invokeTestMethods(TestMethodWorker.java:125)
	at org.testng.internal.TestMethodWorker.run(TestMethodWorker.java:108)
	at org.testng.TestRunner.privateRun(TestRunner.java:771)
	at org.testng.TestRunner.run(TestRunner.java:621)
	at org.testng.SuiteRunner.runTest(SuiteRunner.java:357)
	at org.testng.SuiteRunner.runSequentially(SuiteRunner.java:352)
	at org.testng.SuiteRunner.privateRun(SuiteRunner.java:310)
	at org.testng.SuiteRunner.run(SuiteRunner.java:259)
	at org.testng.SuiteRunnerWorker.runSuite(SuiteRunnerWorker.java:52)
	at org.testng.SuiteRunnerWorker.run(SuiteRunnerWorker.java:86)
	at org.testng.TestNG.runSuitesSequentially(TestNG.java:1199)
	at org.testng.TestNG.runSuitesLocally(TestNG.java:1124)
	at org.testng.TestNG.run(TestNG.java:1032)
	at org.testng.remote.AbstractRemoteTestNG.run(AbstractRemoteTestNG.java:132)
	at org.testng.remote.RemoteTestNG.initAndRun(RemoteTestNG.java:236)
	at org.testng.remote.RemoteTestNG.main(RemoteTestNG.java:81)
]]>
            </full-stacktrace>
          </exception> <!-- java.lang.RuntimeException -->
          <reporter-output>
          </reporter-output>
        </test-method> <!-- login -->
        <test-method status="PASS" signature="afterMethod()[pri:0, instance:testcases.RegisterNonLoyalUser@13deb50e]" name="afterMethod" is-config="true" duration-ms="0" started-at="2017-02-15T11:49:38Z" finished-at="2017-02-15T11:49:38Z">
          <reporter-output>
          </reporter-output>
        </test-method> <!-- afterMethod -->
        <test-method status="PASS" signature="afterTest()[pri:0, instance:testcases.RegisterNonLoyalUser@13deb50e]" name="afterTest" is-config="true" duration-ms="0" started-at="2017-02-15T11:49:38Z" finished-at="2017-02-15T11:49:38Z">
          <reporter-output>
          </reporter-output>
        </test-method> <!-- afterTest -->
        <test-method status="PASS" signature="afterSuite()[pri:0, instance:testcases.RegisterNonLoyalUser@13deb50e]" name="afterSuite" is-config="true" duration-ms="460" started-at="2017-02-15T11:49:38Z" finished-at="2017-02-15T11:49:38Z">
          <reporter-output>
          </reporter-output>
        </test-method> <!-- afterSuite -->
      </class> <!-- testcases.RegisterNonLoyalUser -->
    </test> <!-- Default test -->
  </suite> <!-- Default suite -->
</testng-results>
