<?xml version="1.0" encoding="UTF-8"?>
<testng-results skipped="0" failed="0" total="1" passed="1">
  <reporter-output>
  </reporter-output>
  <suite name="Default suite" duration-ms="91762" started-at="2017-02-07T09:23:35Z" finished-at="2017-02-07T09:25:07Z">
    <groups>
    </groups>
    <test name="Default test" duration-ms="91762" started-at="2017-02-07T09:23:35Z" finished-at="2017-02-07T09:25:07Z">
      <class name="testcases.ForgotPwd">
        <test-method status="PASS" signature="beforeSuite()[pri:0, instance:testcases.ForgotPwd@464bee09]" name="beforeSuite" is-config="true" duration-ms="712" started-at="2017-02-07T14:53:34Z" finished-at="2017-02-07T14:53:35Z">
          <reporter-output>
          </reporter-output>
        </test-method> <!-- beforeSuite -->
        <test-method status="PASS" signature="beforeTest()[pri:0, instance:testcases.ForgotPwd@464bee09]" name="beforeTest" is-config="true" duration-ms="0" started-at="2017-02-07T14:53:35Z" finished-at="2017-02-07T14:53:35Z">
          <reporter-output>
          </reporter-output>
        </test-method> <!-- beforeTest -->
        <test-method status="PASS" signature="beforeClass()[pri:0, instance:testcases.ForgotPwd@464bee09]" name="beforeClass" is-config="true" duration-ms="0" started-at="2017-02-07T14:53:35Z" finished-at="2017-02-07T14:53:35Z">
          <reporter-output>
          </reporter-output>
        </test-method> <!-- beforeClass -->
        <test-method status="PASS" signature="beforeMethod()[pri:0, instance:testcases.ForgotPwd@464bee09]" name="beforeMethod" is-config="true" duration-ms="10690" started-at="2017-02-07T14:53:35Z" finished-at="2017-02-07T14:53:46Z">
          <reporter-output>
          </reporter-output>
        </test-method> <!-- beforeMethod -->
        <test-method status="PASS" signature="login(java.lang.String, java.lang.String, java.lang.String, java.lang.String, java.lang.String)[pri:0, instance:testcases.ForgotPwd@464bee09]" name="login" duration-ms="79643" started-at="2017-02-07T14:53:46Z" data-provider="fetchData" finished-at="2017-02-07T14:55:06Z">
          <params>
            <param index="0">
              <value>
                <![CDATA[murugeshwari.subbaraman@saggezza.com]]>
              </value>
            </param>
            <param index="1">
              <value>
                <![CDATA[murugeshwari.subbaraman@saggezza.com]]>
              </value>
            </param>
            <param index="2">
              <value>
                <![CDATA[Sreegowri28$]]>
              </value>
            </param>
            <param index="3">
              <value>
                <![CDATA[qwerty1234456789]]>
              </value>
            </param>
            <param index="4">
              <value>
                <![CDATA[qwerty1234456789]]>
              </value>
            </param>
          </params>
          <reporter-output>
          </reporter-output>
        </test-method> <!-- login -->
        <test-method status="PASS" signature="afterMethod()[pri:0, instance:testcases.ForgotPwd@464bee09]" name="afterMethod" is-config="true" duration-ms="974" started-at="2017-02-07T14:55:06Z" finished-at="2017-02-07T14:55:07Z">
          <reporter-output>
          </reporter-output>
        </test-method> <!-- afterMethod -->
        <test-method status="PASS" signature="afterTest()[pri:0, instance:testcases.ForgotPwd@464bee09]" name="afterTest" is-config="true" duration-ms="0" started-at="2017-02-07T14:55:07Z" finished-at="2017-02-07T14:55:07Z">
          <reporter-output>
          </reporter-output>
        </test-method> <!-- afterTest -->
        <test-method status="PASS" signature="afterSuite()[pri:0, instance:testcases.ForgotPwd@464bee09]" name="afterSuite" is-config="true" duration-ms="462" started-at="2017-02-07T14:55:07Z" finished-at="2017-02-07T14:55:07Z">
          <reporter-output>
          </reporter-output>
        </test-method> <!-- afterSuite -->
      </class> <!-- testcases.ForgotPwd -->
    </test> <!-- Default test -->
  </suite> <!-- Default suite -->
</testng-results>
